<?xml version="1.0" encoding="UTF-8"?>
<!-- Generated by org.testng.reporters.JUnitReportReporter -->
<testsuite hostname="Canwill" failures="0" tests="1" name="com.inetBanking.testCases.TC_RegisterTest$LoginRegisterTest" time="8.373" errors="0" timestamp="2024-04-09T15:03:33 IST" skipped="0">
  <testcase classname="com.inetBanking.testCases.TC_RegisterTest$LoginRegisterTest" name="registerTest" time="8.373"/>
  <system-out/>
</testsuite> <!-- com.inetBanking.testCases.TC_RegisterTest$LoginRegisterTest -->
