<?xml version="1.0" encoding="UTF-8"?>
<!-- Generated by org.testng.reporters.JUnitReportReporter -->
<testsuite hostname="Canwill" failures="0" tests="1" name="com.inetBanking.testCases.TC_RegisterTest$LoginRegisterTest" time="16.999" errors="0" timestamp="2023-12-23T19:39:48 IST" skipped="0">
  <testcase classname="com.inetBanking.testCases.TC_RegisterTest$LoginRegisterTest" name="registerTest" time="16.999"/>
  <system-out/>
</testsuite> <!-- com.inetBanking.testCases.TC_RegisterTest$LoginRegisterTest -->
